[2026-02-21T05:44:47.925+0000] {taskinstance.py:1083} INFO - Dependencies all met for <TaskInstance: BOAZ_simple_etl_practice.extract_member_data scheduled__2026-01-01T00:00:00+00:00 [queued]>
[2026-02-21T05:44:47.932+0000] {taskinstance.py:1083} INFO - Dependencies all met for <TaskInstance: BOAZ_simple_etl_practice.extract_member_data scheduled__2026-01-01T00:00:00+00:00 [queued]>
[2026-02-21T05:44:47.932+0000] {taskinstance.py:1279} INFO - 
--------------------------------------------------------------------------------
[2026-02-21T05:44:47.932+0000] {taskinstance.py:1280} INFO - Starting attempt 1 of 2
[2026-02-21T05:44:47.932+0000] {taskinstance.py:1281} INFO - 
--------------------------------------------------------------------------------
[2026-02-21T05:44:47.940+0000] {taskinstance.py:1300} INFO - Executing <Task(_PythonDecoratedOperator): extract_member_data> on 2026-01-01 00:00:00+00:00
[2026-02-21T05:44:47.943+0000] {standard_task_runner.py:55} INFO - Started process 130 to run task
[2026-02-21T05:44:47.945+0000] {standard_task_runner.py:82} INFO - Running: ['***', 'tasks', 'run', 'BOAZ_simple_etl_practice', 'extract_member_data', 'scheduled__2026-01-01T00:00:00+00:00', '--job-id', '5', '--raw', '--subdir', 'DAGS_FOLDER/boaz_simple_etl.py', '--cfg-path', '/tmp/tmp14hipdrf']
[2026-02-21T05:44:47.945+0000] {standard_task_runner.py:83} INFO - Job 5: Subtask extract_member_data
[2026-02-21T05:44:47.977+0000] {task_command.py:388} INFO - Running <TaskInstance: BOAZ_simple_etl_practice.extract_member_data scheduled__2026-01-01T00:00:00+00:00 [running]> on host e59dad921aea
[2026-02-21T05:44:48.020+0000] {taskinstance.py:1509} INFO - Exporting the following env vars:
AIRFLOW_CTX_DAG_OWNER=BOAZ
AIRFLOW_CTX_DAG_ID=BOAZ_simple_etl_practice
AIRFLOW_CTX_TASK_ID=extract_member_data
AIRFLOW_CTX_EXECUTION_DATE=2026-01-01T00:00:00+00:00
AIRFLOW_CTX_TRY_NUMBER=1
AIRFLOW_CTX_DAG_RUN_ID=scheduled__2026-01-01T00:00:00+00:00
[2026-02-21T05:44:48.021+0000] {logging_mixin.py:137} INFO - 📥 수집 완료: 엔지니어링 (기본 점수: 82)
[2026-02-21T05:44:48.021+0000] {python.py:177} INFO - Done. Returned value was: {'name': '엔지니어링', 'score': 82}
[2026-02-21T05:44:48.039+0000] {taskinstance.py:1323} INFO - Marking task as SUCCESS. dag_id=BOAZ_simple_etl_practice, task_id=extract_member_data, execution_date=20260101T000000, start_date=20260221T054447, end_date=20260221T054448
[2026-02-21T05:44:48.086+0000] {local_task_job.py:208} INFO - Task exited with return code 0
[2026-02-21T05:44:48.189+0000] {taskinstance.py:2578} INFO - 1 downstream tasks scheduled from follow-on schedule check
