[2026-02-21T05:49:27.981+0000] {taskinstance.py:1083} INFO - Dependencies all met for <TaskInstance: BOAZ_simple_etl_practice.extract_member_data manual__2026-02-21T05:49:26.614296+00:00 [queued]>
[2026-02-21T05:49:27.990+0000] {taskinstance.py:1083} INFO - Dependencies all met for <TaskInstance: BOAZ_simple_etl_practice.extract_member_data manual__2026-02-21T05:49:26.614296+00:00 [queued]>
[2026-02-21T05:49:27.990+0000] {taskinstance.py:1279} INFO - 
--------------------------------------------------------------------------------
[2026-02-21T05:49:27.990+0000] {taskinstance.py:1280} INFO - Starting attempt 1 of 2
[2026-02-21T05:49:27.991+0000] {taskinstance.py:1281} INFO - 
--------------------------------------------------------------------------------
[2026-02-21T05:49:27.998+0000] {taskinstance.py:1300} INFO - Executing <Task(_PythonDecoratedOperator): extract_member_data> on 2026-02-21 05:49:26.614296+00:00
[2026-02-21T05:49:28.001+0000] {standard_task_runner.py:55} INFO - Started process 569 to run task
[2026-02-21T05:49:28.004+0000] {standard_task_runner.py:82} INFO - Running: ['***', 'tasks', 'run', 'BOAZ_simple_etl_practice', 'extract_member_data', 'manual__2026-02-21T05:49:26.614296+00:00', '--job-id', '8', '--raw', '--subdir', 'DAGS_FOLDER/boaz_simple_etl.py', '--cfg-path', '/tmp/tmp_nbg20wq']
[2026-02-21T05:49:28.004+0000] {standard_task_runner.py:83} INFO - Job 8: Subtask extract_member_data
[2026-02-21T05:49:28.059+0000] {task_command.py:388} INFO - Running <TaskInstance: BOAZ_simple_etl_practice.extract_member_data manual__2026-02-21T05:49:26.614296+00:00 [running]> on host e59dad921aea
[2026-02-21T05:49:28.122+0000] {taskinstance.py:1509} INFO - Exporting the following env vars:
AIRFLOW_CTX_DAG_OWNER=BOAZ
AIRFLOW_CTX_DAG_ID=BOAZ_simple_etl_practice
AIRFLOW_CTX_TASK_ID=extract_member_data
AIRFLOW_CTX_EXECUTION_DATE=2026-02-21T05:49:26.614296+00:00
AIRFLOW_CTX_TRY_NUMBER=1
AIRFLOW_CTX_DAG_RUN_ID=manual__2026-02-21T05:49:26.614296+00:00
[2026-02-21T05:49:28.125+0000] {logging_mixin.py:137} INFO - 📥 수집 완료: 보아즈 (기본 점수: 50)
[2026-02-21T05:49:28.126+0000] {python.py:177} INFO - Done. Returned value was: {'name': '보아즈', 'score': 50}
[2026-02-21T05:49:28.142+0000] {taskinstance.py:1323} INFO - Marking task as SUCCESS. dag_id=BOAZ_simple_etl_practice, task_id=extract_member_data, execution_date=20260221T054926, start_date=20260221T054927, end_date=20260221T054928
[2026-02-21T05:49:28.157+0000] {local_task_job.py:208} INFO - Task exited with return code 0
[2026-02-21T05:49:28.183+0000] {taskinstance.py:2578} INFO - 1 downstream tasks scheduled from follow-on schedule check
